<?xml version="1.0" encoding="utf-8"?><testsuites name="pytest tests"><testsuite name="pytest" errors="0" failures="0" skipped="0" tests="17" time="8.409" timestamp="2026-07-21T17:03:53.095575+00:00" hostname="agent-env-258a8301-7d3d-49ba-a0ab-261b9fb2a1fa"><testcase classname="tests.backend_test.TestUsersDelete" name="test_create_and_delete_user_persists" time="0.910" /><testcase classname="tests.backend_test.TestUsersDelete" name="test_delete_self_forbidden" time="0.072" /><testcase classname="tests.backend_test.TestUsersDelete" name="test_delete_nonexistent_returns_404" time="0.079" /><testcase classname="tests.backend_test.TestAthleteEmailContacto" name="test_update_athlete_email_contacto_persists" time="0.237" /><testcase classname="tests.backend_test.TestSendReport" name="test_send_report_missing_body_returns_422" time="0.172" /><testcase classname="tests.backend_test.TestSendReport" name="test_send_report_endpoint_wired" time="0.388" /><testcase classname="tests.test_photos_base64.TestPhotoUpload" name="test_upload_creates_doc_without_base64_in_response" time="2.698" /><testcase classname="tests.test_photos_base64.TestPhotoUpload" name="test_list_photos_does_not_return_base64" time="0.128" /><testcase classname="tests.test_photos_base64.TestPhotoUpload" name="test_upload_too_large_returns_413" time="1.103" /><testcase classname="tests.test_photos_base64.TestPhotoDownload" name="test_download_returns_jpeg_bytes" time="0.137" /><testcase classname="tests.test_photos_base64.TestPhotoDownload" name="test_download_via_query_token" time="0.134" /><testcase classname="tests.test_photos_base64.TestPhotoDownload" name="test_download_via_cookie" time="0.434" /><testcase classname="tests.test_photos_base64.TestPhotoDownload" name="test_download_unauthorized_returns_401" time="0.111" /><testcase classname="tests.test_photos_base64.TestPhotoDownload" name="test_download_migrated_photo" time="0.701" /><testcase classname="tests.test_photos_base64.TestPhotoReplace" name="test_replace_returns_new_bytes" time="0.395" /><testcase classname="tests.test_photos_base64.TestPhotoDelete" name="test_delete_then_download_404" time="0.412" /><testcase classname="tests.test_photos_base64.TestMigrationEndpoint" name="test_migrate_photos_idempotent" time="0.241" /></testsuite></testsuites>