<?xml version="1.0" encoding="utf-8"?><testsuites name="pytest tests"><testsuite name="pytest" errors="0" failures="0" skipped="0" tests="11" time="3.314" timestamp="2026-07-21T17:03:43.631088+00:00" hostname="agent-env-258a8301-7d3d-49ba-a0ab-261b9fb2a1fa"><testcase classname="tests.test_photos_base64.TestPhotoUpload" name="test_upload_creates_doc_without_base64_in_response" time="0.711" /><testcase classname="tests.test_photos_base64.TestPhotoUpload" name="test_list_photos_does_not_return_base64" time="0.048" /><testcase classname="tests.test_photos_base64.TestPhotoUpload" name="test_upload_too_large_returns_413" time="0.943" /><testcase classname="tests.test_photos_base64.TestPhotoDownload" name="test_download_returns_jpeg_bytes" time="0.103" /><testcase classname="tests.test_photos_base64.TestPhotoDownload" name="test_download_via_query_token" time="0.114" /><testcase classname="tests.test_photos_base64.TestPhotoDownload" name="test_download_via_cookie" time="0.401" /><testcase classname="tests.test_photos_base64.TestPhotoDownload" name="test_download_unauthorized_returns_401" time="0.130" /><testcase classname="tests.test_photos_base64.TestPhotoDownload" name="test_download_migrated_photo" time="0.316" /><testcase classname="tests.test_photos_base64.TestPhotoReplace" name="test_replace_returns_new_bytes" time="0.234" /><testcase classname="tests.test_photos_base64.TestPhotoDelete" name="test_delete_then_download_404" time="0.157" /><testcase classname="tests.test_photos_base64.TestMigrationEndpoint" name="test_migrate_photos_idempotent" time="0.107" /></testsuite></testsuites>