<?xml version="1.0" encoding="utf-8"?><testsuites name="pytest tests"><testsuite name="pytest" errors="0" failures="0" skipped="0" tests="6" time="1.530" timestamp="2026-07-20T20:48:55.505465+00:00" hostname="agent-env-258a8301-7d3d-49ba-a0ab-261b9fb2a1fa"><testcase classname="tests.backend_test.TestUsersDelete" name="test_create_and_delete_user_persists" time="0.835" /><testcase classname="tests.backend_test.TestUsersDelete" name="test_delete_self_forbidden" time="0.055" /><testcase classname="tests.backend_test.TestUsersDelete" name="test_delete_nonexistent_returns_404" time="0.053" /><testcase classname="tests.backend_test.TestAthleteEmailContacto" name="test_update_athlete_email_contacto_persists" time="0.195" /><testcase classname="tests.backend_test.TestSendReport" name="test_send_report_missing_body_returns_422" time="0.118" /><testcase classname="tests.backend_test.TestSendReport" name="test_send_report_endpoint_wired" time="0.219" /></testsuite></testsuites>